<?xml version="1.0" encoding="UTF-8" ?>
<testsuite failures="0" time="0.003" errors="0" skipped="0" tests="1" name="com.mycompany.app.AppTest">
  <properties>
    <property name="java.runtime.name" value="Java(TM) SE Runtime Environment"/>
    <property name="sun.boot.library.path" value="D:\Progra~1\Java\jdk1.7.0_51\jre\bin"/>
    <property name="java.vm.version" value="24.51-b03"/>
    <property name="java.vm.vendor" value="Oracle Corporation"/>
    <property name="maven.multiModuleProjectDirectory" value="E:\JavaProjects\Learing\FirstApp\my-app"/>
    <property name="java.vendor.url" value="http://java.oracle.com/"/>
    <property name="path.separator" value=";"/>
    <property name="guice.disable.misplaced.annotation.check" value="true"/>
    <property name="java.vm.name" value="Java HotSpot(TM) 64-Bit Server VM"/>
    <property name="file.encoding.pkg" value="sun.io"/>
    <property name="user.script" value=""/>
    <property name="user.country" value="RU"/>
    <property name="sun.java.launcher" value="SUN_STANDARD"/>
    <property name="sun.os.patch.level" value="Service Pack 1"/>
    <property name="java.vm.specification.name" value="Java Virtual Machine Specification"/>
    <property name="user.dir" value="E:\JavaProjects\Learing\FirstApp\my-app"/>
    <property name="java.runtime.version" value="1.7.0_51-b13"/>
    <property name="java.awt.graphicsenv" value="sun.awt.Win32GraphicsEnvironment"/>
    <property name="java.endorsed.dirs" value="D:\Progra~1\Java\jdk1.7.0_51\jre\lib\endorsed"/>
    <property name="os.arch" value="amd64"/>
    <property name="java.io.tmpdir" value="D:\Users\6EFB~1\AppData\Local\Temp\"/>
    <property name="line.separator" value="
"/>
    <property name="java.vm.specification.vendor" value="Oracle Corporation"/>
    <property name="user.variant" value=""/>
    <property name="os.name" value="Windows 7"/>
    <property name="classworlds.conf" value="d:\apache-maven-3.3.3\bin\..\bin\m2.conf"/>
    <property name="sun.jnu.encoding" value="Cp1251"/>
    <property name="java.library.path" value="D:\Progra~1\Java\jdk1.7.0_51\bin;D:\Windows\Sun\Java\bin;D:\Windows\system32;D:\Windows;D:\Program Files (x86)\NVIDIA Corporation\PhysX\Common;D:\Program Files (x86)\Intel\iCLS Client\;D:\Program Files\Intel\iCLS Client\;D:\Windows\system32;D:\Windows;D:\Windows\System32\Wbem;D:\Windows\System32\WindowsPowerShell\v1.0\;D:\Program Files (x86)\Intel\OpenCL SDK\3.0\bin\x86;D:\Program Files (x86)\Intel\OpenCL SDK\3.0\bin\x64;D:\Program Files\Intel\Intel(R) Management Engine Components\DAL;D:\Program Files\Intel\Intel(R) Management Engine Components\IPT;D:\Program Files (x86)\Intel\Intel(R) Management Engine Components\DAL;D:\Program Files (x86)\Intel\Intel(R) Management Engine Components\IPT;D:\Program Files\MATLAB\R2008b\bin;D:\Program Files\MATLAB\R2008b\bin\win64;D:\Program Files\Intel\WiFi\bin\;D:\Program Files\Common Files\Intel\WirelessCommon\;D:\Program Files (x86)\Skype\Phone\;D:\Program Files (x86)\Git\cmd;d:\apache-maven-3.3.3\bin;D:\Program Files\Intel\WiFi\bin\;D:\Program Files\Common Files\Intel\WirelessCommon\;."/>
    <property name="java.specification.name" value="Java Platform API Specification"/>
    <property name="java.class.version" value="51.0"/>
    <property name="sun.management.compiler" value="HotSpot 64-Bit Tiered Compilers"/>
    <property name="os.version" value="6.1"/>
    <property name="user.home" value="D:\Users\Пешкин"/>
    <property name="user.timezone" value="Europe/Helsinki"/>
    <property name="java.awt.printerjob" value="sun.awt.windows.WPrinterJob"/>
    <property name="java.specification.version" value="1.7"/>
    <property name="file.encoding" value="Cp1251"/>
    <property name="user.name" value="Пешкин"/>
    <property name="java.class.path" value="d:\apache-maven-3.3.3\bin\..\boot\plexus-classworlds-2.5.2.jar"/>
    <property name="java.vm.specification.version" value="1.7"/>
    <property name="sun.arch.data.model" value="64"/>
    <property name="java.home" value="D:\Progra~1\Java\jdk1.7.0_51\jre"/>
    <property name="sun.java.command" value="org.codehaus.plexus.classworlds.launcher.Launcher install"/>
    <property name="java.specification.vendor" value="Oracle Corporation"/>
    <property name="user.language" value="ru"/>
    <property name="awt.toolkit" value="sun.awt.windows.WToolkit"/>
    <property name="java.vm.info" value="mixed mode"/>
    <property name="java.version" value="1.7.0_51"/>
    <property name="java.ext.dirs" value="D:\Progra~1\Java\jdk1.7.0_51\jre\lib\ext;D:\Windows\Sun\Java\lib\ext"/>
    <property name="sun.boot.class.path" value="D:\Progra~1\Java\jdk1.7.0_51\jre\lib\resources.jar;D:\Progra~1\Java\jdk1.7.0_51\jre\lib\rt.jar;D:\Progra~1\Java\jdk1.7.0_51\jre\lib\sunrsasign.jar;D:\Progra~1\Java\jdk1.7.0_51\jre\lib\jsse.jar;D:\Progra~1\Java\jdk1.7.0_51\jre\lib\jce.jar;D:\Progra~1\Java\jdk1.7.0_51\jre\lib\charsets.jar;D:\Progra~1\Java\jdk1.7.0_51\jre\lib\jfr.jar;D:\Progra~1\Java\jdk1.7.0_51\jre\classes"/>
    <property name="java.vendor" value="Oracle Corporation"/>
    <property name="maven.home" value="d:\apache-maven-3.3.3\bin\.."/>
    <property name="file.separator" value="\"/>
    <property name="java.vendor.url.bug" value="http://bugreport.sun.com/bugreport/"/>
    <property name="sun.cpu.endian" value="little"/>
    <property name="sun.io.unicode.encoding" value="UnicodeLittle"/>
    <property name="sun.desktop" value="windows"/>
    <property name="sun.cpu.isalist" value="amd64"/>
  </properties>
  <testcase time="0.003" classname="com.mycompany.app.AppTest" name="testApp"/>
</testsuite>